12/21 15:55:15.521 549341-547240 547240-conv-549341-32401161221 15:55:15 text=[{"type":"text","content":"?????????????????????"}]
12/21 15:55:25.834 549341-547240 547240-conv-549341-32601161221 15:55:25 text=[{"type":"card","content":[{"type":"text","content":"?????????????????????"},{"type":"text","content":"??????????????????????????????"},{"type":"card","content":[{"type":"text","content":"???????????"},{"handler":"agent","type":"action","params":{"remark":"?????"},"content":"??????"}]}]}]
12/21 15:55:33.187 549341-547240 547240-conv-549341-33001161221 15:55:33 text=[{"type":"text","content":"?????????????????????"}]
12/21 15:55:41.757 549341-547240 547240-conv-549341-33301161221 15:55:41 text=[{"type":"text","content":"?????????????????????"}]
12/21 15:55:46.239 549341-547240 547240-conv-549341-33501161221 15:55:46 text=[{"type":"card","content":[{"type":"text","content":"?????????????????????"},{"type":"text","content":"??????????????????????????????"},{"type":"card","content":[{"type":"text","content":"???????????"},{"handler":"agent","type":"action","params":{"remark":"?????"},"content":"??????"}]}]}]
12/21 15:55:50.362 549341-547240 547240-conv-549341-33701161221 15:55:50 text=[{"data_id":50001,"type":"text","content":"???????????"}]
12/21 15:58:41.695 549341-547240 547240-conv-549341-34601161221 15:58:41 text=[{"type":"text","content":"?????????????????????"}]
12/21 15:58:44.364 549341-547240 547240-conv-549341-34801161221 15:58:44 text=[{"type":"card","content":[{"type":"text","content":"?????????????????????"},{"type":"text","content":"??????????????????????????????"},{"type":"card","content":[{"type":"text","content":"???????????"},{"handler":"agent","type":"action","params":{"remark":"?????"},"content":"??????"}]}]}]
12/21 15:58:47.522 549341-547240 547240-conv-549341-35001161221 15:58:47 text=[{"data_id":50001,"type":"text","content":"???????????"}]
12/21 16:00:12.906 549341-547240 547240-conv-549341-35501161221 16:00:13 text=[{"type":"text","content":"?????????????????????"}]
12/21 16:00:16.422 549341-547240 547240-conv-549341-35701161221 16:00:16 text=[{"type":"card","content":[{"type":"text","content":"?????????????????????"},{"type":"text","content":"??????????????????????????????"},{"type":"card","content":[{"type":"text","content":"???????????"},{"handler":"agent","type":"action","params":{"remark":"?????"},"content":"??????"}]}]}]
12/21 16:00:19.958 549341-547240 547240-conv-549341-35901161221 16:00:20 text=[{"data_id":50001,"type":"text","content":"???????????"}]
12/21 16:01:21.290 549341-547240 547240-conv-549341-36501161221 16:01:21 text=[{"type":"text","content":"?????????????????????"}]
12/21 16:01:24.426 549341-547240 547240-conv-549341-36701161221 16:01:24 text=[{"type":"card","content":[{"type":"text","content":"?????????????????????"},{"type":"text","content":"??????????????????????????????"},{"type":"card","content":[{"type":"text","content":"???????????"},{"handler":"agent","type":"action","params":{"remark":"?????"},"content":"??????"}]}]}]
12/21 16:01:26.867 549341-547240 547240-conv-549341-36901161221 16:01:26 text=[{"type":"card","content":[{"type":"text","content":"?????????????????????"},{"type":"text","content":"??????????????????????????????"},{"type":"card","content":[{"type":"text","content":"???????????"},{"handler":"agent","type":"action","params":{"remark":"?????"},"content":"??????"}]}]}]
12/21 16:01:29.522 549341-547240 547240-conv-549341-37101161221 16:01:29 text=[{"type":"card","content":[{"type":"text","content":"?????????????????????"},{"type":"text","content":"??????????????????????????????"},{"type":"card","content":[{"type":"text","content":"???????????"},{"handler":"agent","type":"action","params":{"remark":"?????"},"content":"??????"}]}]}]
12/21 16:01:37.798 549341-547240 547240-conv-549341-37301161221 16:01:37 text=[{"type":"card","content":[{"type":"text","content":"?????????????????????"},{"type":"text","content":"??????????????????????????????"},{"type":"card","content":[{"type":"text","content":"???????????"},{"handler":"agent","type":"action","params":{"remark":"?????"},"content":"??????"}]}]}]
12/21 16:01:41.968 549341-547240 547240-conv-549341-37601161221 16:01:42 text=[{"type":"text","content":"?????????????????????"}]
12/21 16:01:45.419 549341-547240 547240-conv-549341-37801161221 16:01:45 text=[{"type":"card","content":[{"type":"text","content":"?????????????????????"},{"type":"text","content":"??????????????????????????????"},{"type":"card","content":[{"type":"text","content":"???????????"},{"handler":"agent","type":"action","params":{"remark":"?????"},"content":"??????"}]}]}]
12/21 16:01:49.699 549341-547240 547240-conv-549341-38001161221 16:01:49 text=[{"data_id":50001,"type":"text","content":"???????????"}]
12/21 16:19:00.790 549341-547240 547240-conv-549341-38601161221 16:19:00 text=[{"type":"text","content":"?????????????????????"}]
12/21 16:19:04.454 549341-547240 547240-conv-549341-38801161221 16:19:04 text=[{"type":"card","content":[{"type":"text","content":"?????????????????????"},{"type":"text","content":"??????????????????????????????"},{"type":"card","content":[{"type":"text","content":"???????????"},{"handler":"agent","type":"action","params":{"remark":"?????"},"content":"??????"}]}]}]
12/21 16:19:08.251 549341-547240 547240-conv-549341-39001161221 16:19:08 text=[{"data_id":50001,"type":"text","content":"???????????"}]
12/21 16:24:35.554 549341-547240 547240-conv-549341-39501161221 16:24:35 text=[{"type":"text","content":"?????????????????????"}]
12/21 16:24:39.437 549341-547240 547240-conv-549341-39701161221 16:24:39 text=[{"type":"card","content":[{"type":"text","content":"?????????????????????"},{"type":"text","content":"??????????????????????????????"},{"type":"card","content":[{"type":"text","content":"???????????"},{"handler":"agent","type":"action","params":{"remark":"?????"},"content":"??????"}]}]}]
12/21 16:24:41.805 549341-547240 547240-conv-549341-39901161221 16:24:41 text=[{"data_id":50001,"type":"text","content":"???????????"}]
12/21 16:25:44.442 549341-547240 547240-conv-549341-40501161221 16:25:44 text=[{"type":"text","content":"?????????????????????"}]
12/21 16:25:49.085 549341-547240 547240-conv-549341-40701161221 16:25:49 text=[{"type":"card","content":[{"type":"text","content":"?????????????????????"},{"type":"text","content":"??????????????????????????????"},{"type":"card","content":[{"type":"text","content":"???????????"},{"handler":"agent","type":"action","params":{"remark":"?????"},"content":"??????"}]}]}]
12/21 16:25:54.093 549341-547240 547240-conv-549341-40901161221 16:25:54 text=[{"data_id":50001,"type":"text","content":"???????????"}]
12/21 16:25:57.368 549341-547240 547240-conv-549341-41101161221 16:25:57 text=[{"data_id":50001,"type":"text","content":"???????????"}]
12/21 16:28:41.385 549341-547240 547240-conv-549341-41501161221 16:28:41 text=[{"type":"text","content":"?????????????????????"}]
12/21 16:28:44.494 549341-547240 547240-conv-549341-41701161221 16:28:44 text=[{"type":"card","content":[{"type":"text","content":"?????????????????????"},{"type":"text","content":"??????????????????????????????"},{"type":"card","content":[{"type":"text","content":"???????????"},{"handler":"agent","type":"action","params":{"remark":"?????"},"content":"??????"}]}]}]
12/21 16:28:46.997 549341-547240 547240-conv-549341-41901161221 16:28:47 text=[{"data_id":50001,"type":"text","content":"???????????"}]
12/21 16:31:30.713 549341-547240 547240-conv-549341-42701161221 16:31:30 text=[{"type":"text","content":"?????????????????????"}]
12/21 16:31:34.120 549341-547240 547240-conv-549341-42901161221 16:31:34 text=[{"type":"card","content":[{"type":"text","content":"?????????????????????"},{"type":"text","content":"??????????????????????????????"},{"type":"card","content":[{"type":"text","content":"???????????"},{"handler":"agent","type":"action","params":{"remark":"?????"},"content":"??????"}]}]}]
12/21 16:31:38.032 549341-547240 547240-conv-549341-43101161221 16:31:38 text=[{"data_id":50001,"type":"text","content":"???????????"}]
12/21 16:41:23.041 549341-547240 547240-conv-549341-43701161221 16:41:25 text=[{"type":"text","content":"?????????????????????"}]
12/21 16:41:25.524 549341-547240 547240-conv-549341-43901161221 16:41:27 text=[{"type":"card","content":[{"type":"text","content":"?????????????????????"},{"type":"text","content":"??????????????????????????????"},{"type":"card","content":[{"type":"text","content":"???????????"},{"handler":"agent","type":"action","params":{"remark":"?????"},"content":"??????"}]}]}]
12/21 16:41:27.739 549341-547240 547240-conv-549341-44101161221 16:41:30 text=[{"data_id":50001,"type":"text","content":"???????????"}]
12/21 16:43:00.798 549341-547240 547240-conv-549341-44501161221 16:43:03 text=[{"type":"text","content":"?????????????????????"}]
12/21 16:43:02.949 549341-547240 547240-conv-549341-44701161221 16:43:05 text=[{"type":"card","content":[{"type":"text","content":"?????????????????????"},{"type":"text","content":"??????????????????????????????"},{"type":"card","content":[{"type":"text","content":"???????????"},{"handler":"agent","type":"action","params":{"remark":"?????"},"content":"??????"}]}]}]
12/21 16:43:05.959 549341-547240 547240-conv-549341-44901161221 16:43:08 text=[{"data_id":50001,"type":"text","content":"???????????"}]
12/21 16:46:17.238 549341-547240 547240-conv-549341-45401161221 16:46:19 text=[{"type":"text","content":"?????????????????????"}]
12/21 16:46:20.049 549341-547240 547240-conv-549341-45601161221 16:46:22 text=[{"type":"card","content":[{"type":"text","content":"?????????????????????"},{"type":"text","content":"??????????????????????????????"},{"type":"card","content":[{"type":"text","content":"???????????"},{"handler":"agent","type":"action","params":{"remark":"?????"},"content":"??????"}]}]}]
12/21 16:46:26.242 549341-547240 547240-conv-549341-45801161221 16:46:28 text=[{"data_id":50001,"type":"text","content":"???????????"}]
12/21 17:02:00.353 549341-547240 547240-conv-549341-46301161221 17:02:02 text=[{"type":"text","content":"?????????????????????"}]
12/21 17:02:03.599 549341-547240 547240-conv-549341-46501161221 17:02:05 text=[{"type":"card","content":[{"type":"text","content":"?????????????????????"},{"type":"text","content":"??????????????????????????????"},{"type":"card","content":[{"type":"text","content":"???????????"},{"handler":"agent","type":"action","params":{"remark":"?????"},"content":"??????"}]}]}]
12/21 17:02:10.389 549341-547240 547240-conv-549341-46701161221 17:02:12 text=[{"data_id":50001,"type":"text","content":"???????????"}]
12/21 17:03:31.511 549341-547240 547240-conv-549341-46901161221 17:03:33 text=[{"type":"text","content":"ddd"}]
12/21 17:14:40.642 549341-547240 547240-conv-549341-47401161221 17:14:42 text=[{"type":"text","content":"?????????????????????"}]
12/21 17:14:42.747 549341-547240 547240-conv-549341-47601161221 17:14:45 text=[{"type":"card","content":[{"type":"text","content":"?????????????????????"},{"type":"text","content":"??????????????????????????????"},{"type":"card","content":[{"type":"text","content":"???????????"},{"handler":"agent","type":"action","params":{"remark":"?????"},"content":"??????"}]}]}]
12/21 17:14:45.791 549341-547240 547240-conv-549341-47801161221 17:14:48 text=[{"data_id":50001,"type":"text","content":"???????????"}]
12/21 17:15:14.571 549341-547240 547240-conv-549341-48101161221 17:15:16 text=[{"type":"text","content":"nihao"}]
12/21 17:21:56.200 549341-547240 547240-conv-549341-48701161221 17:21:58 text=[{"type":"text","content":"?????????????????????"}]
12/21 17:22:16.725 549341-547240 547240-conv-549341-48901161221 17:22:18 text=[{"data_id":50001,"type":"text","content":"???????????"}]
12/21 17:22:28.551 549341-547240 547240-conv-549341-49201161221 17:22:30 text=[{"data_id":50001,"type":"text","content":"???????????"}]
12/21 17:22:38.684 549341-547240 547240-conv-549341-49401161221 17:22:40 text=[{"type":"text","content":"adsf"}]
12/21 17:49:57.513 549341-547240 547240-conv-549341-49901161221 17:49:59 text=[{"type":"text","content":"?????????????????????"}]
12/21 17:50:00.005 549341-547240 547240-conv-549341-50101161221 17:50:02 text=[{"type":"card","content":[{"type":"text","content":"?????????????????????"},{"type":"text","content":"??????????????????????????????"},{"type":"card","content":[{"type":"text","content":"???????????"},{"handler":"agent","type":"action","params":{"remark":"?????"},"content":"??????"}]}]}]
12/21 17:50:03.608 549341-547240 547240-conv-549341-50301161221 17:50:05 text=[{"data_id":50001,"type":"text","content":"???????????"}]
12/21 17:50:25.478 549341-547240 547240-conv-549341-50601161221 17:50:27 text=[{"type":"text","content":"333"}]
12/21 17:59:19.343 549341-547240 547240-conv-549341-50901161221 17:59:21 text=[{"type":"text","content":"?????????????????????"}]
12/21 17:59:21.822 549341-547240 547240-conv-549341-51101161221 17:59:24 text=[{"type":"card","content":[{"type":"text","content":"?????????????????????"},{"type":"text","content":"??????????????????????????????"},{"type":"card","content":[{"type":"text","content":"???????????"},{"handler":"agent","type":"action","params":{"remark":"?????"},"content":"??????"}]}]}]
12/21 17:59:24.246 549341-547240 547240-conv-549341-51301161221 17:59:26 text=[{"data_id":50001,"type":"text","content":"???????????"}]
12/21 17:59:41.360 549341-547240 547240-conv-549341-51601161221 17:59:43 text=[{"type":"text","content":"sadf"}]
12/21 17:59:58.557 549341-547240 547240-conv-549341-51901161221 18:00:00 text=[{"type":"text","content":"sdf"}]
12/21 17:59:59.984 549341-547240 547240-conv-549341-52001161221 18:00:02 text=[{"type":"text","content":"sdf"}]
12/21 18:00:15.143 549341-547240 547240-conv-549341-52101161221 18:00:17 text=[{"type":"text","content":"sdf"}]
12/21 18:00:18.204 549341-547240 547240-conv-549341-52201161221 18:00:20 text=[{"type":"text","content":"dfd"}]
12/21 18:00:47.746 549341-547240 547240-conv-549341-52301161221 18:00:49 text=[{"type":"text","content":"sdff"}]
12/21 18:01:05.128 549341-547240 547240-conv-549341-52401161221 18:01:07 text=[{"type":"text","content":"fdf"}]
12/21 18:01:12.474 549341-547240 547240-conv-549341-52501161221 18:01:14 text=[{"type":"text","content":"222"}]
12/21 18:01:15.038 549341-547240 547240-conv-549341-52601161221 18:01:17 text=[{"type":"text","content":"123"}]
12/21 18:01:19.334 549341-547240 547240-conv-549341-52701161221 18:01:21 text=[{"type":"text","content":"32"}]
12/21 18:01:36.057 549341-547240 547240-conv-549341-52801161221 18:01:38 text=[{"type":"text","content":"sdf"}]
12/21 18:03:26.330 549341-547240 547240-conv-549341-53101161221 18:03:28 text=[{"type":"text","content":"?????????????????????"}]
12/21 18:03:29.986 549341-547240 547240-conv-549341-53301161221 18:03:32 text=[{"type":"card","content":[{"type":"text","content":"?????????????????????"},{"type":"text","content":"??????????????????????????????"},{"type":"card","content":[{"type":"text","content":"???????????"},{"handler":"agent","type":"action","params":{"remark":"?????"},"content":"??????"}]}]}]
12/21 18:03:34.601 549341-547240 547240-conv-549341-53501161221 18:03:36 text=[{"type":"card","content":[{"type":"text","content":"?????????????????????"},{"type":"text","content":"??????????????????????????????"},{"type":"card","content":[{"type":"text","content":"???????????"},{"handler":"agent","type":"action","params":{"remark":"?????"},"content":"??????"}]}]}]
12/21 18:03:43.946 549341-547240 547240-conv-549341-53701161221 18:03:46 text=[{"data_id":50001,"type":"text","content":"???????????"}]
12/21 18:03:52.909 549341-547240 547240-conv-549341-53901161221 18:03:55 text=[{"type":"text","content":"sdf"}]
12/21 18:05:40.088 549341-547240 547240-conv-549341-54201161221 18:05:42 text=[{"type":"text","content":"?????????????????????"}]
12/21 18:05:42.979 549341-547240 547240-conv-549341-54401161221 18:05:45 text=[{"type":"card","content":[{"type":"text","content":"?????????????????????"},{"type":"text","content":"??????????????????????????????"},{"type":"card","content":[{"type":"text","content":"???????????"},{"handler":"agent","type":"action","params":{"remark":"?????"},"content":"??????"}]}]}]
12/21 18:05:46.477 549341-547240 547240-conv-549341-54601161221 18:05:48 text=[{"data_id":50001,"type":"text","content":"???????????"}]
12/21 18:05:55.084 549341-547240 547240-conv-549341-54801161221 18:05:57 text=[{"type":"text","content":"dfdf"}]
12/21 18:06:29.448 549341-547240 547240-conv-549341-55101161221 18:06:31 text=[{"type":"text","content":"asdfsadf"}]
12/21 18:06:52.995 549341-547240 547240-conv-549341-55201161221 18:06:55 text=[{"type":"text","content":"we"}]
12/21 18:07:16.005 549341-547240 547240-conv-549341-55301161221 18:07:18 text=[{"type":"text","content":"ddf"}]
12/21 18:07:30.228 549341-547240 547240-conv-549341-55401161221 18:07:32 text=[{"type":"text","content":"sddf"}]
12/21 18:07:57.838 549341-547240 547240-conv-549341-55601161221 18:08:00 text=[{"type":"text","content":"nihao "}]
